Release 14.7 - xst P.20131013 (nt64)
Copyright (c) 1995-2013 Xilinx, Inc.  All rights reserved.
--> Parameter TMPDIR set to xst/projnav.tmp


Total REAL time to Xst completion: 1.00 secs
Total CPU time to Xst completion: 1.23 secs
 
--> Parameter xsthdpdir set to xst


Total REAL time to Xst completion: 1.00 secs
Total CPU time to Xst completion: 1.23 secs
 
--> Reading design: regs.prj

TABLE OF CONTENTS
  1) Synthesis Options Summary
  2) HDL Parsing
  3) HDL Elaboration
  4) HDL Synthesis
       4.1) HDL Synthesis Report
  5) Advanced HDL Synthesis
       5.1) Advanced HDL Synthesis Report
  6) Low Level Synthesis
  7) Partition Report
  8) Design Summary
       8.1) Primitive and Black Box Usage
       8.2) Device utilization summary
       8.3) Partition Resource Summary
       8.4) Timing Report
            8.4.1) Clock Information
            8.4.2) Asynchronous Control Signals Information
            8.4.3) Timing Summary
            8.4.4) Timing Details
            8.4.5) Cross Clock Domains Report


=========================================================================
*                      Synthesis Options Summary                        *
=========================================================================
---- Source Parameters
Input File Name                    : "regs.prj"
Ignore Synthesis Constraint File   : NO

---- Target Parameters
Output File Name                   : "regs"
Output Format                      : NGC
Target Device                      : xc7a100t-3-csg324

---- Source Options
Top Module Name                    : regs
Automatic FSM Extraction           : YES
FSM Encoding Algorithm             : Auto
Safe Implementation                : No
FSM Style                          : LUT
RAM Extraction                     : Yes
RAM Style                          : Auto
ROM Extraction                     : Yes
Shift Register Extraction          : YES
ROM Style                          : Auto
Resource Sharing                   : YES
Asynchronous To Synchronous        : NO
Shift Register Minimum Size        : 2
Use DSP Block                      : Auto
Automatic Register Balancing       : No

---- Target Options
LUT Combining                      : Auto
Reduce Control Sets                : Auto
Add IO Buffers                     : YES
Global Maximum Fanout              : 100000
Add Generic Clock Buffer(BUFG)     : 32
Register Duplication               : YES
Optimize Instantiated Primitives   : NO
Use Clock Enable                   : Auto
Use Synchronous Set                : Auto
Use Synchronous Reset              : Auto
Pack IO Registers into IOBs        : Auto
Equivalent register Removal        : YES

---- General Options
Optimization Goal                  : Speed
Optimization Effort                : 1
Power Reduction                    : NO
Keep Hierarchy                     : No
Netlist Hierarchy                  : As_Optimized
RTL Output                         : Yes
Global Optimization                : AllClockNets
Read Cores                         : YES
Write Timing Constraints           : NO
Cross Clock Analysis               : NO
Hierarchy Separator                : /
Bus Delimiter                      : <>
Case Specifier                     : Maintain
Slice Utilization Ratio            : 100
BRAM Utilization Ratio             : 100
DSP48 Utilization Ratio            : 100
Auto BRAM Packing                  : NO
Slice Utilization Ratio Delta      : 5

=========================================================================


=========================================================================
*                          HDL Parsing                                  *
=========================================================================
Analyzing Verilog file "\\mac\home\Desktop\MultiCycleCPU\regs.v" into library work
Parsing module <regs>.

=========================================================================
*                            HDL Elaboration                            *
=========================================================================

Elaborating module <regs>.

=========================================================================
*                           HDL Synthesis                               *
=========================================================================

Synthesizing Unit <regs>.
    Related source file is "\\mac\home\Desktop\MultiCycleCPU\regs.v".
    Found 992-bit register for signal <n0051[991:0]>.
    Found 32-bit 31-to-1 multiplexer for signal <R_addr_A[4]_register[31][31]_wide_mux_1_OUT> created at line 35.
    Found 32-bit 31-to-1 multiplexer for signal <R_addr_B[4]_register[31][31]_wide_mux_4_OUT> created at line 36.
    Summary:
	inferred 992 D-type flip-flop(s).
	inferred  35 Multiplexer(s).
Unit <regs> synthesized.

=========================================================================
HDL Synthesis Report

Macro Statistics
# Registers                                            : 1
 992-bit register                                      : 1
# Multiplexers                                         : 35
 32-bit 2-to-1 multiplexer                             : 33
 32-bit 31-to-1 multiplexer                            : 2

=========================================================================

=========================================================================
*                       Advanced HDL Synthesis                          *
=========================================================================


=========================================================================
Advanced HDL Synthesis Report

Macro Statistics
# Registers                                            : 992
 Flip-Flops                                            : 992
# Multiplexers                                         : 35
 32-bit 2-to-1 multiplexer                             : 33
 32-bit 31-to-1 multiplexer                            : 2

=========================================================================

=========================================================================
*                         Low Level Synthesis                           *
=========================================================================

Optimizing unit <regs> ...

Mapping all equations...
Building and optimizing final netlist ...
Found area constraint ratio of 100 (+ 5) on block regs, actual ratio is 4.

Final Macro Processing ...

=========================================================================
Final Register Report

Macro Statistics
# Registers                                            : 992
 Flip-Flops                                            : 992

=========================================================================

=========================================================================
*                           Partition Report                            *
=========================================================================

Partition Implementation Status
-------------------------------

  No Partitions were found in this design.

-------------------------------

=========================================================================
*                            Design Summary                             *
=========================================================================

Top Level Output File Name         : regs.ngc

Primitive and Black Box Usage:
------------------------------
# BELS                             : 1792
#      LUT3                        : 992
#      LUT5                        : 95
#      LUT6                        : 641
#      MUXF7                       : 64
# FlipFlops/Latches                : 992
#      FDCE                        : 992
# Clock Buffers                    : 1
#      BUFGP                       : 1
# IO Buffers                       : 113
#      IBUF                        : 49
#      OBUF                        : 64

Device utilization summary:
---------------------------

Selected Device : 7a100tcsg324-3 


Slice Logic Utilization: 
 Number of Slice Registers:             992  out of  126800     0%  
 Number of Slice LUTs:                 1728  out of  63400     2%  
    Number used as Logic:              1728  out of  63400     2%  

Slice Logic Distribution: 
 Number of LUT Flip Flop pairs used:   1728
   Number with an unused Flip Flop:     736  out of   1728    42%  
   Number with an unused LUT:             0  out of   1728     0%  
   Number of fully used LUT-FF pairs:   992  out of   1728    57%  
   Number of unique control sets:         1

IO Utilization: 
 Number of IOs:                         114
 Number of bonded IOBs:                 114  out of    210    54%  

Specific Feature Utilization:
 Number of BUFG/BUFGCTRLs:                1  out of     32     3%  

---------------------------
Partition Resource Summary:
---------------------------

  No Partitions were found in this design.

---------------------------


=========================================================================
Timing Report

NOTE: THESE TIMING NUMBERS ARE ONLY A SYNTHESIS ESTIMATE.
      FOR ACCURATE TIMING INFORMATION PLEASE REFER TO THE TRACE REPORT
      GENERATED AFTER PLACE-and-ROUTE.

Clock Information:
------------------
-----------------------------------+------------------------+-------+
Clock Signal                       | Clock buffer(FF name)  | Load  |
-----------------------------------+------------------------+-------+
clk                                | BUFGP                  | 992   |
-----------------------------------+------------------------+-------+

Asynchronous Control Signals Information:
----------------------------------------
No asynchronous control signals found in this design

Timing Summary:
---------------
Speed Grade: -3

   Minimum period: 0.771ns (Maximum Frequency: 1296.849MHz)
   Minimum input arrival time before clock: 1.479ns
   Maximum output required time after clock: 3.026ns
   Maximum combinational path delay: 2.939ns

Timing Details:
---------------
All values displayed in nanoseconds (ns)

=========================================================================
Timing constraint: Default period analysis for Clock 'clk'
  Clock period: 0.771ns (frequency: 1296.849MHz)
  Total number of paths / destination ports: 992 / 992
-------------------------------------------------------------------------
Delay:               0.771ns (Levels of Logic = 1)
  Source:            register_31_0 (FF)
  Destination:       register_31_0 (FF)
  Source Clock:      clk rising
  Destination Clock: clk rising

  Data Path: register_31_0 to register_31_0
                                Gate     Net
    Cell:in->out      fanout   Delay   Delay  Logical Name (Net Name)
    ----------------------------------------  ------------
     FDCE:C->Q             3   0.361   0.305  register_31_0 (register_31_0)
     LUT3:I2->O            1   0.097   0.000  Mmux_register[31][31]_Wt_data[31]_mux_10_OUT11 (register[31][31]_Wt_data[31]_mux_10_OUT<0>)
     FDCE:D                    0.008          register_31_0
    ----------------------------------------
    Total                      0.771ns (0.466ns logic, 0.305ns route)
                                       (60.4% logic, 39.6% route)

=========================================================================
Timing constraint: Default OFFSET IN BEFORE for Clock 'clk'
  Total number of paths / destination ports: 12896 / 2976
-------------------------------------------------------------------------
Offset:              1.479ns (Levels of Logic = 3)
  Source:            Wt_addr<0> (PAD)
  Destination:       register_31_0 (FF)
  Destination Clock: clk rising

  Data Path: Wt_addr<0> to register_31_0
                                Gate     Net
    Cell:in->out      fanout   Delay   Delay  Logical Name (Net Name)
    ----------------------------------------  ------------
     IBUF:I->O            32   0.001   0.790  Wt_addr_0_IBUF (Wt_addr_0_IBUF)
     LUT5:I0->O           32   0.097   0.486  Wt_addr[4]_Decoder_9_OUT<3><4>1 (Wt_addr[4]_Decoder_9_OUT<3>)
     LUT3:I1->O            1   0.097   0.000  Mmux_register[3][31]_Wt_data[31]_mux_38_OUT321 (register[3][31]_Wt_data[31]_mux_38_OUT<9>)
     FDCE:D                    0.008          register_31_905
    ----------------------------------------
    Total                      1.479ns (0.203ns logic, 1.276ns route)
                                       (13.7% logic, 86.3% route)

=========================================================================
Timing constraint: Default OFFSET OUT AFTER for Clock 'clk'
  Total number of paths / destination ports: 1984 / 64
-------------------------------------------------------------------------
Offset:              3.026ns (Levels of Logic = 5)
  Source:            register_31_191 (FF)
  Destination:       rdata_A<31> (PAD)
  Source Clock:      clk rising

  Data Path: register_31_191 to rdata_A<31>
                                Gate     Net
    Cell:in->out      fanout   Delay   Delay  Logical Name (Net Name)
    ----------------------------------------  ------------
     FDCE:C->Q             3   0.361   0.566  register_31_191 (register_31_191)
     LUT6:I2->O            1   0.097   0.556  Mmux_R_addr_A[4]_register[31][31]_wide_mux_1_OUT_873 (Mmux_R_addr_A[4]_register[31][31]_wide_mux_1_OUT_873)
     LUT6:I2->O            1   0.097   0.000  Mmux_R_addr_A[4]_register[31][31]_wide_mux_1_OUT_324 (Mmux_R_addr_A[4]_register[31][31]_wide_mux_1_OUT_324)
     MUXF7:I1->O           1   0.279   0.693  Mmux_R_addr_A[4]_register[31][31]_wide_mux_1_OUT_2_f7_23 (R_addr_A[4]_register[31][31]_wide_mux_1_OUT<31>)
     LUT6:I0->O            1   0.097   0.279  Mmux_rdata_A251 (rdata_A_31_OBUF)
     OBUF:I->O                 0.000          rdata_A_31_OBUF (rdata_A<31>)
    ----------------------------------------
    Total                      3.026ns (0.931ns logic, 2.095ns route)
                                       (30.8% logic, 69.2% route)

=========================================================================
Timing constraint: Default path analysis
  Total number of paths / destination ports: 1664 / 64
-------------------------------------------------------------------------
Delay:               2.939ns (Levels of Logic = 6)
  Source:            R_addr_A<1> (PAD)
  Destination:       rdata_A<31> (PAD)

  Data Path: R_addr_A<1> to rdata_A<31>
                                Gate     Net
    Cell:in->out      fanout   Delay   Delay  Logical Name (Net Name)
    ----------------------------------------  ------------
     IBUF:I->O           288   0.001   0.839  R_addr_A_1_IBUF (R_addr_A_1_IBUF)
     LUT6:I0->O            1   0.097   0.556  Mmux_R_addr_A[4]_register[31][31]_wide_mux_1_OUT_81 (Mmux_R_addr_A[4]_register[31][31]_wide_mux_1_OUT_81)
     LUT6:I2->O            1   0.097   0.000  Mmux_R_addr_A[4]_register[31][31]_wide_mux_1_OUT_3 (Mmux_R_addr_A[4]_register[31][31]_wide_mux_1_OUT_3)
     MUXF7:I1->O           1   0.279   0.693  Mmux_R_addr_A[4]_register[31][31]_wide_mux_1_OUT_2_f7 (R_addr_A[4]_register[31][31]_wide_mux_1_OUT<0>)
     LUT6:I0->O            1   0.097   0.279  Mmux_rdata_A11 (rdata_A_0_OBUF)
     OBUF:I->O                 0.000          rdata_A_0_OBUF (rdata_A<0>)
    ----------------------------------------
    Total                      2.939ns (0.571ns logic, 2.368ns route)
                                       (19.4% logic, 80.6% route)

=========================================================================

Cross Clock Domains Report:
--------------------------

Clock to Setup on destination clock clk
---------------+---------+---------+---------+---------+
               | Src:Rise| Src:Fall| Src:Rise| Src:Fall|
Source Clock   |Dest:Rise|Dest:Rise|Dest:Fall|Dest:Fall|
---------------+---------+---------+---------+---------+
clk            |    0.771|         |         |         |
---------------+---------+---------+---------+---------+

=========================================================================


Total REAL time to Xst completion: 28.00 secs
Total CPU time to Xst completion: 27.91 secs
 
--> 

Total memory usage is 4720548 kilobytes

Number of errors   :    0 (   0 filtered)
Number of warnings :    0 (   0 filtered)
Number of infos    :    0 (   0 filtered)

